<?xml version="1.0" encoding="UTF-8"?>
<testng-results ignored="0" total="7" passed="7" failed="0" skipped="0">
  <reporter-output>
  </reporter-output>
  <suite started-at="2021-09-12T12:29:13Z" name="InetBankingV1" finished-at="2021-09-12T12:31:14Z" duration-ms="121561">
    <groups>
    </groups>
    <test started-at="2021-09-12T12:29:13Z" name="BankingApp Test" finished-at="2021-09-12T12:31:14Z" duration-ms="121561">
      <class name="com.inetbanking.testCases.TC_LoginTest_001">
        <test-method is-config="true" signature="setup(java.lang.String)[pri:0, instance:com.inetbanking.testCases.TC_LoginTest_001@694abbdc]" started-at="2021-09-12T12:29:13Z" name="setup" finished-at="2021-09-12T12:29:24Z" duration-ms="10985" status="PASS">
          <params>
            <param index="0">
              <value>
                <![CDATA[chrome]]>
              </value>
            </param>
          </params>
          <reporter-output>
          </reporter-output>
        </test-method> <!-- setup -->
        <test-method signature="loginTest()[pri:0, instance:com.inetbanking.testCases.TC_LoginTest_001@694abbdc]" started-at="2021-09-12T12:29:24Z" name="loginTest" finished-at="2021-09-12T12:29:31Z" duration-ms="6979" status="PASS">
          <reporter-output>
          </reporter-output>
        </test-method> <!-- loginTest -->
        <test-method is-config="true" signature="tearDown()[pri:0, instance:com.inetbanking.testCases.TC_LoginTest_001@694abbdc]" started-at="2021-09-12T12:29:31Z" name="tearDown" finished-at="2021-09-12T12:29:32Z" duration-ms="883" status="PASS">
          <reporter-output>
          </reporter-output>
        </test-method> <!-- tearDown -->
      </class> <!-- com.inetbanking.testCases.TC_LoginTest_001 -->
      <class name="com.inetbanking.testCases.TC_LoginDDT_002">
        <test-method is-config="true" signature="setup(java.lang.String)[pri:0, instance:com.inetbanking.testCases.TC_LoginDDT_002@2e005c4b]" started-at="2021-09-12T12:29:32Z" name="setup" finished-at="2021-09-12T12:29:41Z" duration-ms="9401" status="PASS">
          <params>
            <param index="0">
              <value>
                <![CDATA[chrome]]>
              </value>
            </param>
          </params>
          <reporter-output>
          </reporter-output>
        </test-method> <!-- setup -->
        <test-method signature="loginDDT(java.lang.String, java.lang.String)[pri:0, instance:com.inetbanking.testCases.TC_LoginDDT_002@2e005c4b]" started-at="2021-09-12T12:29:44Z" name="loginDDT" data-provider="LoginData" finished-at="2021-09-12T12:29:59Z" duration-ms="15403" status="PASS">
          <params>
            <param index="0">
              <value>
                <![CDATA[mngr352866]]>
              </value>
            </param>
            <param index="1">
              <value>
                <![CDATA[esanype]]>
              </value>
            </param>
          </params>
          <reporter-output>
          </reporter-output>
        </test-method> <!-- loginDDT -->
        <test-method signature="loginDDT(java.lang.String, java.lang.String)[pri:0, instance:com.inetbanking.testCases.TC_LoginDDT_002@2e005c4b]" started-at="2021-09-12T12:29:59Z" name="loginDDT" data-provider="LoginData" finished-at="2021-09-12T12:30:10Z" duration-ms="11242" status="PASS">
          <params>
            <param index="0">
              <value>
                <![CDATA[mngr352866]]>
              </value>
            </param>
            <param index="1">
              <value>
                <![CDATA[esanype]]>
              </value>
            </param>
          </params>
          <reporter-output>
          </reporter-output>
        </test-method> <!-- loginDDT -->
        <test-method signature="loginDDT(java.lang.String, java.lang.String)[pri:0, instance:com.inetbanking.testCases.TC_LoginDDT_002@2e005c4b]" started-at="2021-09-12T12:30:10Z" name="loginDDT" data-provider="LoginData" finished-at="2021-09-12T12:30:20Z" duration-ms="9385" status="PASS">
          <params>
            <param index="0">
              <value>
                <![CDATA[mngr352866]]>
              </value>
            </param>
            <param index="1">
              <value>
                <![CDATA[esanype]]>
              </value>
            </param>
          </params>
          <reporter-output>
          </reporter-output>
        </test-method> <!-- loginDDT -->
        <test-method signature="loginDDT(java.lang.String, java.lang.String)[pri:0, instance:com.inetbanking.testCases.TC_LoginDDT_002@2e005c4b]" started-at="2021-09-12T12:30:20Z" name="loginDDT" data-provider="LoginData" finished-at="2021-09-12T12:30:29Z" duration-ms="9489" status="PASS">
          <params>
            <param index="0">
              <value>
                <![CDATA[mngr352866]]>
              </value>
            </param>
            <param index="1">
              <value>
                <![CDATA[esanype]]>
              </value>
            </param>
          </params>
          <reporter-output>
          </reporter-output>
        </test-method> <!-- loginDDT -->
        <test-method signature="loginDDT(java.lang.String, java.lang.String)[pri:0, instance:com.inetbanking.testCases.TC_LoginDDT_002@2e005c4b]" started-at="2021-09-12T12:30:29Z" name="loginDDT" data-provider="LoginData" finished-at="2021-09-12T12:30:39Z" duration-ms="9883" status="PASS">
          <params>
            <param index="0">
              <value>
                <![CDATA[mngr352866]]>
              </value>
            </param>
            <param index="1">
              <value>
                <![CDATA[esanype]]>
              </value>
            </param>
          </params>
          <reporter-output>
          </reporter-output>
        </test-method> <!-- loginDDT -->
        <test-method is-config="true" signature="tearDown()[pri:0, instance:com.inetbanking.testCases.TC_LoginDDT_002@2e005c4b]" started-at="2021-09-12T12:30:39Z" name="tearDown" finished-at="2021-09-12T12:30:40Z" duration-ms="1071" status="PASS">
          <reporter-output>
          </reporter-output>
        </test-method> <!-- tearDown -->
      </class> <!-- com.inetbanking.testCases.TC_LoginDDT_002 -->
      <class name="com.inetbanking.testCases.TC_AddCustomerTest_003">
        <test-method is-config="true" signature="setup(java.lang.String)[pri:0, instance:com.inetbanking.testCases.TC_AddCustomerTest_003@4567f35d]" started-at="2021-09-12T12:30:40Z" name="setup" finished-at="2021-09-12T12:30:49Z" duration-ms="8688" status="PASS">
          <params>
            <param index="0">
              <value>
                <![CDATA[chrome]]>
              </value>
            </param>
          </params>
          <reporter-output>
          </reporter-output>
        </test-method> <!-- setup -->
        <test-method signature="addNewCustomer()[pri:0, instance:com.inetbanking.testCases.TC_AddCustomerTest_003@4567f35d]" started-at="2021-09-12T12:30:49Z" name="addNewCustomer" finished-at="2021-09-12T12:31:13Z" duration-ms="24363" status="PASS">
          <reporter-output>
          </reporter-output>
        </test-method> <!-- addNewCustomer -->
        <test-method is-config="true" signature="tearDown()[pri:0, instance:com.inetbanking.testCases.TC_AddCustomerTest_003@4567f35d]" started-at="2021-09-12T12:31:13Z" name="tearDown" finished-at="2021-09-12T12:31:14Z" duration-ms="971" status="PASS">
          <reporter-output>
          </reporter-output>
        </test-method> <!-- tearDown -->
      </class> <!-- com.inetbanking.testCases.TC_AddCustomerTest_003 -->
    </test> <!-- BankingApp Test -->
  </suite> <!-- InetBankingV1 -->
</testng-results>
