<?xml version="1.0" encoding="UTF-8"?>
<testsuite name="TestSuite" time="46.746" tests="7" errors="0" skipped="0" failures="0">
  <properties>
[...]
</properties>
  <testcase name="loginTest" classname="com.inetbanking.testCases.TC_LoginTest_001" time="6.985"/>
  <testcase name="loginDDT" classname="com.inetbanking.testCases.TC_LoginDDT_002" time="15.397"/>
  <testcase name="loginDDT" classname="com.inetbanking.testCases.TC_LoginDDT_002" time="11.243"/>
  <testcase name="loginDDT" classname="com.inetbanking.testCases.TC_LoginDDT_002" time="9.385"/>
  <testcase name="loginDDT" classname="com.inetbanking.testCases.TC_LoginDDT_002" time="9.489"/>
  <testcase name="loginDDT" classname="com.inetbanking.testCases.TC_LoginDDT_002" time="9.884"/>
  <testcase name="addNewCustomer" classname="com.inetbanking.testCases.TC_AddCustomerTest_003" time="24.364"/>
</testsuite>